This file contains any messages produced by compilers while
running configure, to aid debugging if configure makes a mistake.

It was created by c2vcg configure 1.0b2, which was
generated by GNU Autoconf 2.59.  Invocation command line was

  $ ./configure --no-create --no-recursion

## --------- ##
## Platform. ##
## --------- ##

hostname = large
uname -m = i686
uname -r = 2.6.8-3-686
uname -s = Linux
uname -v = #1 Thu Sep 7 03:38:22 UTC 2006

/usr/bin/uname -p = unknown
/bin/uname -X     = unknown

/bin/arch              = i686
/usr/bin/arch -k       = unknown
/usr/convex/getsysinfo = unknown
hostinfo               = unknown
/bin/machine           = unknown
/usr/bin/oslevel       = unknown
/bin/universe          = unknown

PATH: /usr/local/bin
PATH: /usr/bin
PATH: /bin
PATH: /usr/bin/X11
PATH: /usr/games
PATH: /home/s/hell//bin


## ----------- ##
## Core tests. ##
## ----------- ##

configure:1383: checking for a BSD-compatible install
configure:1438: result: /usr/bin/install -c
configure:1449: checking whether build environment is sane
configure:1492: result: yes
configure:1557: checking for gawk
configure:1573: found /usr/bin/gawk
configure:1583: result: gawk
configure:1593: checking whether make sets $(MAKE)
configure:1613: result: yes
configure:1834: checking for gcc
configure:1850: found /usr/bin/gcc
configure:1860: result: gcc
configure:2104: checking for C compiler version
configure:2107: gcc --version </dev/null >&5
gcc (GCC) 3.3.5 (Debian 1:3.3.5-13)
Copyright (C) 2003 Free Software Foundation, Inc.
This is free software; see the source for copying conditions.  There is NO
warranty; not even for MERCHANTABILITY or FITNESS FOR A PARTICULAR PURPOSE.

configure:2110: $? = 0
configure:2112: gcc -v </dev/null >&5
Reading specs from /usr/lib/gcc-lib/i486-linux/3.3.5/specs
Configured with: ../src/configure -v --enable-languages=c,c++,java,f77,pascal,objc,ada,treelang --prefix=/usr --mandir=/usr/share/man --infodir=/usr/share/info --with-gxx-include-dir=/usr/include/c++/3.3 --enable-shared --enable-__cxa_atexit --with-system-zlib --enable-nls --without-included-gettext --enable-clocale=gnu --enable-debug --enable-java-gc=boehm --enable-java-awt=xlib --enable-objc-gc i486-linux
Thread model: posix
gcc version 3.3.5 (Debian 1:3.3.5-13)
configure:2115: $? = 0
configure:2117: gcc -V </dev/null >&5
gcc: `-V' option must have argument
configure:2120: $? = 1
configure:2143: checking for C compiler default output file name
configure:2146: gcc    conftest.c  >&5
configure:2149: $? = 0
configure:2195: result: a.out
configure:2200: checking whether the C compiler works
configure:2206: ./a.out
configure:2209: $? = 0
configure:2226: result: yes
configure:2233: checking whether we are cross compiling
configure:2235: result: no
configure:2238: checking for suffix of executables
configure:2240: gcc -o conftest    conftest.c  >&5
configure:2243: $? = 0
configure:2268: result: 
configure:2274: checking for suffix of object files
configure:2295: gcc -c   conftest.c >&5
configure:2298: $? = 0
configure:2320: result: o
configure:2324: checking whether we are using the GNU C compiler
configure:2348: gcc -c   conftest.c >&5
configure:2354: $? = 0
configure:2357: test -z 			 || test ! -s conftest.err
configure:2360: $? = 0
configure:2363: test -s conftest.o
configure:2366: $? = 0
configure:2379: result: yes
configure:2385: checking whether gcc accepts -g
configure:2406: gcc -c -g  conftest.c >&5
configure:2412: $? = 0
configure:2415: test -z 			 || test ! -s conftest.err
configure:2418: $? = 0
configure:2421: test -s conftest.o
configure:2424: $? = 0
configure:2435: result: yes
configure:2452: checking for gcc option to accept ANSI C
configure:2522: gcc  -c -g -O2  conftest.c >&5
configure:2528: $? = 0
configure:2531: test -z 			 || test ! -s conftest.err
configure:2534: $? = 0
configure:2537: test -s conftest.o
configure:2540: $? = 0
configure:2558: result: none needed
configure:2576: gcc -c -g -O2  conftest.c >&5
conftest.c:2: error: syntax error before "me"
configure:2582: $? = 1
configure: failed program was:
| #ifndef __cplusplus
|   choke me
| #endif
configure:2723: checking for style of include used by make
configure:2751: result: GNU
configure:2779: checking dependency style of gcc
configure:2869: result: gcc3
configure:2890: checking for gawk
configure:2916: result: gawk
configure:2931: checking for flex
configure:2947: found /usr/bin/flex
configure:2957: result: flex
configure:2970: checking for yywrap in -lfl
configure:3000: gcc -o conftest -g -O2   conftest.c -lfl   >&5
configure:3006: $? = 0
configure:3009: test -z 			 || test ! -s conftest.err
configure:3012: $? = 0
configure:3015: test -s conftest
configure:3018: $? = 0
configure:3031: result: yes
configure:3108: checking lex output file root
configure:3119: flex conftest.l
configure:3122: $? = 0
configure:3134: result: lex.yy
configure:3139: checking whether yytext is a pointer
configure:3155: gcc -o conftest -g -O2   conftest.c  -lfl >&5
configure:3161: $? = 0
configure:3164: test -z 			 || test ! -s conftest.err
configure:3167: $? = 0
configure:3170: test -s conftest
configure:3173: $? = 0
configure:3187: result: yes
configure:3205: checking for bison
configure:3221: found /usr/bin/bison
configure:3231: result: bison -y
configure:3283: checking for ranlib
configure:3299: found /usr/bin/ranlib
configure:3310: result: ranlib
configure:3322: checking whether make sets $(MAKE)
configure:3342: result: yes
configure:3366: checking whether NLS is requested
configure:3375: result: yes
configure:3413: checking for msgfmt
configure: trying /usr/bin/msgfmt...
0 translated messages.
configure:3445: result: /usr/bin/msgfmt
configure:3454: checking for gmsgfmt
configure:3485: result: /usr/bin/msgfmt
configure:3524: checking for xgettext
configure: trying /usr/bin/xgettext...
/usr/bin/xgettext: warning: file `/dev/null' extension `' is unknown; will try C
configure:3556: result: /usr/bin/xgettext
configure:3596: checking for msgmerge
configure: trying /usr/bin/msgmerge...
configure:3627: result: /usr/bin/msgmerge
configure:3668: checking build system type
configure:3686: result: i686-pc-linux-gnu
configure:3694: checking host system type
configure:3708: result: i686-pc-linux-gnu
configure:3721: checking how to run the C preprocessor
configure:3756: gcc -E  conftest.c
configure:3762: $? = 0
configure:3794: gcc -E  conftest.c
conftest.c:12:28: ac_nonexistent.h: No such file or directory
configure:3800: $? = 1
configure: failed program was:
| /* confdefs.h.  */
| 
| #define PACKAGE_NAME "c2vcg"
| #define PACKAGE_TARNAME "c2vcg"
| #define PACKAGE_VERSION "1.0b2"
| #define PACKAGE_STRING "c2vcg 1.0b2"
| #define PACKAGE_BUGREPORT "sh4r4d@gmail.com"
| #define PACKAGE "c2vcg"
| #define VERSION "1.0b2"
| #define YYTEXT_POINTER 1
| /* end confdefs.h.  */
| #include <ac_nonexistent.h>
configure:3839: result: gcc -E
configure:3863: gcc -E  conftest.c
configure:3869: $? = 0
configure:3901: gcc -E  conftest.c
conftest.c:12:28: ac_nonexistent.h: No such file or directory
configure:3907: $? = 1
configure: failed program was:
| /* confdefs.h.  */
| 
| #define PACKAGE_NAME "c2vcg"
| #define PACKAGE_TARNAME "c2vcg"
| #define PACKAGE_VERSION "1.0b2"
| #define PACKAGE_STRING "c2vcg 1.0b2"
| #define PACKAGE_BUGREPORT "sh4r4d@gmail.com"
| #define PACKAGE "c2vcg"
| #define VERSION "1.0b2"
| #define YYTEXT_POINTER 1
| /* end confdefs.h.  */
| #include <ac_nonexistent.h>
configure:3951: checking for egrep
configure:3961: result: grep -E
configure:3967: checking whether we are using the GNU C Library 2 or newer
configure:3998: result: yes
configure:4004: checking for library containing strerror
configure:4034: gcc -o conftest -g -O2   conftest.c  >&5
configure:4040: $? = 0
configure:4043: test -z 			 || test ! -s conftest.err
configure:4046: $? = 0
configure:4049: test -s conftest
configure:4052: $? = 0
configure:4121: result: none required
configure:4128: checking for ANSI C header files
configure:4153: gcc -c -g -O2  conftest.c >&5
configure:4159: $? = 0
configure:4162: test -z 			 || test ! -s conftest.err
configure:4165: $? = 0
configure:4168: test -s conftest.o
configure:4171: $? = 0
configure:4257: gcc -o conftest -g -O2   conftest.c  >&5
configure:4260: $? = 0
configure:4262: ./conftest
configure:4265: $? = 0
configure:4280: result: yes
configure:4290: checking for an ANSI C-conforming const
configure:4357: gcc -c -g -O2  conftest.c >&5
configure:4363: $? = 0
configure:4366: test -z 			 || test ! -s conftest.err
configure:4369: $? = 0
configure:4372: test -s conftest.o
configure:4375: $? = 0
configure:4386: result: yes
configure:4397: checking for signed
configure:4418: gcc -c -g -O2  conftest.c >&5
configure:4424: $? = 0
configure:4427: test -z 			 || test ! -s conftest.err
configure:4430: $? = 0
configure:4433: test -s conftest.o
configure:4436: $? = 0
configure:4447: result: yes
configure:4457: checking for inline
configure:4478: gcc -c -g -O2  conftest.c >&5
configure:4484: $? = 0
configure:4487: test -z 			 || test ! -s conftest.err
configure:4490: $? = 0
configure:4493: test -s conftest.o
configure:4496: $? = 0
configure:4508: result: inline
configure:4541: checking for sys/types.h
configure:4557: gcc -c -g -O2  conftest.c >&5
configure:4563: $? = 0
configure:4566: test -z 			 || test ! -s conftest.err
configure:4569: $? = 0
configure:4572: test -s conftest.o
configure:4575: $? = 0
configure:4586: result: yes
configure:4541: checking for sys/stat.h
configure:4557: gcc -c -g -O2  conftest.c >&5
configure:4563: $? = 0
configure:4566: test -z 			 || test ! -s conftest.err
configure:4569: $? = 0
configure:4572: test -s conftest.o
configure:4575: $? = 0
configure:4586: result: yes
configure:4541: checking for stdlib.h
configure:4557: gcc -c -g -O2  conftest.c >&5
configure:4563: $? = 0
configure:4566: test -z 			 || test ! -s conftest.err
configure:4569: $? = 0
configure:4572: test -s conftest.o
configure:4575: $? = 0
configure:4586: result: yes
configure:4541: checking for string.h
configure:4557: gcc -c -g -O2  conftest.c >&5
configure:4563: $? = 0
configure:4566: test -z 			 || test ! -s conftest.err
configure:4569: $? = 0
configure:4572: test -s conftest.o
configure:4575: $? = 0
configure:4586: result: yes
configure:4541: checking for memory.h
configure:4557: gcc -c -g -O2  conftest.c >&5
configure:4563: $? = 0
configure:4566: test -z 			 || test ! -s conftest.err
configure:4569: $? = 0
configure:4572: test -s conftest.o
configure:4575: $? = 0
configure:4586: result: yes
configure:4541: checking for strings.h
configure:4557: gcc -c -g -O2  conftest.c >&5
configure:4563: $? = 0
configure:4566: test -z 			 || test ! -s conftest.err
configure:4569: $? = 0
configure:4572: test -s conftest.o
configure:4575: $? = 0
configure:4586: result: yes
configure:4541: checking for inttypes.h
configure:4557: gcc -c -g -O2  conftest.c >&5
configure:4563: $? = 0
configure:4566: test -z 			 || test ! -s conftest.err
configure:4569: $? = 0
configure:4572: test -s conftest.o
configure:4575: $? = 0
configure:4586: result: yes
configure:4541: checking for stdint.h
configure:4557: gcc -c -g -O2  conftest.c >&5
configure:4563: $? = 0
configure:4566: test -z 			 || test ! -s conftest.err
configure:4569: $? = 0
configure:4572: test -s conftest.o
configure:4575: $? = 0
configure:4586: result: yes
configure:4541: checking for unistd.h
configure:4557: gcc -c -g -O2  conftest.c >&5
configure:4563: $? = 0
configure:4566: test -z 			 || test ! -s conftest.err
configure:4569: $? = 0
configure:4572: test -s conftest.o
configure:4575: $? = 0
configure:4586: result: yes
configure:4598: checking for off_t
configure:4622: gcc -c -g -O2  conftest.c >&5
configure:4628: $? = 0
configure:4631: test -z 			 || test ! -s conftest.err
configure:4634: $? = 0
configure:4637: test -s conftest.o
configure:4640: $? = 0
configure:4651: result: yes
configure:4663: checking for size_t
configure:4687: gcc -c -g -O2  conftest.c >&5
configure:4693: $? = 0
configure:4696: test -z 			 || test ! -s conftest.err
configure:4699: $? = 0
configure:4702: test -s conftest.o
configure:4705: $? = 0
configure:4716: result: yes
configure:4729: checking for long long
configure:4751: gcc -o conftest -g -O2   conftest.c  >&5
configure:4757: $? = 0
configure:4760: test -z 			 || test ! -s conftest.err
configure:4763: $? = 0
configure:4766: test -s conftest
configure:4769: $? = 0
configure:4781: result: yes
configure:4792: checking for long double
configure:4851: result: yes
configure:4862: checking for wchar_t
configure:4884: gcc -c -g -O2  conftest.c >&5
configure:4890: $? = 0
configure:4893: test -z 			 || test ! -s conftest.err
configure:4896: $? = 0
configure:4899: test -s conftest.o
configure:4902: $? = 0
configure:4913: result: yes
configure:4924: checking for wint_t
configure:4946: gcc -c -g -O2  conftest.c >&5
configure:4952: $? = 0
configure:4955: test -z 			 || test ! -s conftest.err
configure:4958: $? = 0
configure:4961: test -s conftest.o
configure:4964: $? = 0
configure:4975: result: yes
configure:4986: checking for inttypes.h
configure:5008: gcc -c -g -O2  conftest.c >&5
configure:5014: $? = 0
configure:5017: test -z 			 || test ! -s conftest.err
configure:5020: $? = 0
configure:5023: test -s conftest.o
configure:5026: $? = 0
configure:5037: result: yes
configure:5048: checking for stdint.h
configure:5070: gcc -c -g -O2  conftest.c >&5
configure:5076: $? = 0
configure:5079: test -z 			 || test ! -s conftest.err
configure:5082: $? = 0
configure:5085: test -s conftest.o
configure:5088: $? = 0
configure:5099: result: yes
configure:5112: checking for intmax_t
configure:5142: gcc -c -g -O2  conftest.c >&5
configure:5148: $? = 0
configure:5151: test -z 			 || test ! -s conftest.err
configure:5154: $? = 0
configure:5157: test -s conftest.o
configure:5160: $? = 0
configure:5171: result: yes
configure:5183: checking whether printf() supports POSIX/XSI format strings
configure:5233: gcc -o conftest -g -O2   conftest.c  >&5
configure:5236: $? = 0
configure:5238: ./conftest
configure:5241: $? = 0
configure:5256: result: yes
configure:5270: checking for working alloca.h
configure:5291: gcc -o conftest -g -O2   conftest.c  >&5
configure:5297: $? = 0
configure:5300: test -z 			 || test ! -s conftest.err
configure:5303: $? = 0
configure:5306: test -s conftest
configure:5309: $? = 0
configure:5321: result: yes
configure:5331: checking for alloca
configure:5372: gcc -o conftest -g -O2   conftest.c  >&5
configure:5378: $? = 0
configure:5381: test -z 			 || test ! -s conftest.err
configure:5384: $? = 0
configure:5387: test -s conftest
configure:5390: $? = 0
configure:5402: result: yes
configure:5630: checking for stdlib.h
configure:5635: result: yes
configure:5630: checking for unistd.h
configure:5635: result: yes
configure:5778: checking for getpagesize
configure:5835: gcc -o conftest -g -O2   conftest.c  >&5
configure:5841: $? = 0
configure:5844: test -z 			 || test ! -s conftest.err
configure:5847: $? = 0
configure:5850: test -s conftest
configure:5853: $? = 0
configure:5865: result: yes
configure:5875: checking for working mmap
configure:6017: gcc -o conftest -g -O2   conftest.c  >&5
configure:6020: $? = 0
configure:6022: ./conftest
configure:6025: $? = 0
configure:6039: result: yes
configure:6051: checking whether we are using the GNU C Library 2.1 or newer
configure:6082: result: yes
configure:6090: checking whether integer division by zero raises SIGFPE
configure:6152: gcc -o conftest -g -O2   conftest.c  >&5
conftest.c:54: warning: built-in function `nan' declared as non-function
configure:6155: $? = 0
configure:6157: ./conftest
configure:6160: $? = 0
configure:6175: result: yes
configure:6188: checking for unsigned long long
configure:6210: gcc -o conftest -g -O2   conftest.c  >&5
configure:6216: $? = 0
configure:6219: test -z 			 || test ! -s conftest.err
configure:6222: $? = 0
configure:6225: test -s conftest
configure:6228: $? = 0
configure:6240: result: yes
configure:6272: checking for inttypes.h
configure:6295: gcc -c -g -O2  conftest.c >&5
configure:6301: $? = 0
configure:6304: test -z 			 || test ! -s conftest.err
configure:6307: $? = 0
configure:6310: test -s conftest.o
configure:6313: $? = 0
configure:6325: result: yes
configure:6338: checking whether the inttypes.h PRIxNN macros are broken
configure:6364: gcc -c -g -O2  conftest.c >&5
configure:6370: $? = 0
configure:6373: test -z 			 || test ! -s conftest.err
configure:6376: $? = 0
configure:6379: test -s conftest.o
configure:6382: $? = 0
configure:6394: result: no
configure:6411: checking for stdint.h
configure:6416: result: yes
configure:6555: checking for SIZE_MAX
configure:7602: result: yes
configure:7620: checking for stdint.h
configure:7625: result: yes
configure:7766: checking for CFPreferencesCopyAppValue
configure:7791: gcc -o conftest -g -O2  -I/System/Library/Frameworks/CoreFoundation.framework/Headers  conftest.c  -framework CoreFoundation >&5
gcc: CoreFoundation: No such file or directory
cc1: error: unrecognized option `-framework'
configure:7797: $? = 1
configure: failed program was:
| /* confdefs.h.  */
| 
| #define PACKAGE_NAME "c2vcg"
| #define PACKAGE_TARNAME "c2vcg"
| #define PACKAGE_VERSION "1.0b2"
| #define PACKAGE_STRING "c2vcg 1.0b2"
| #define PACKAGE_BUGREPORT "sh4r4d@gmail.com"
| #define PACKAGE "c2vcg"
| #define VERSION "1.0b2"
| #define YYTEXT_POINTER 1
| #define STDC_HEADERS 1
| #define HAVE_SYS_TYPES_H 1
| #define HAVE_SYS_STAT_H 1
| #define HAVE_STDLIB_H 1
| #define HAVE_STRING_H 1
| #define HAVE_MEMORY_H 1
| #define HAVE_STRINGS_H 1
| #define HAVE_INTTYPES_H 1
| #define HAVE_STDINT_H 1
| #define HAVE_UNISTD_H 1
| #define HAVE_LONG_LONG 1
| #define HAVE_LONG_DOUBLE 1
| #define HAVE_WCHAR_T 1
| #define HAVE_WINT_T 1
| #define HAVE_INTTYPES_H_WITH_UINTMAX 1
| #define HAVE_STDINT_H_WITH_UINTMAX 1
| #define HAVE_INTMAX_T 1
| #define HAVE_POSIX_PRINTF 1
| #define HAVE_ALLOCA_H 1
| #define HAVE_ALLOCA 1
| #define HAVE_STDLIB_H 1
| #define HAVE_UNISTD_H 1
| #define HAVE_GETPAGESIZE 1
| #define HAVE_MMAP 1
| #define INTDIV0_RAISES_SIGFPE 1
| #define HAVE_UNSIGNED_LONG_LONG 1
| #define HAVE_UINTMAX_T 1
| #define HAVE_INTTYPES_H 1
| #define HAVE_STDINT_H 1
| #define HAVE_STDINT_H 1
| /* end confdefs.h.  */
| #include <CFPreferences.h>
| int
| main ()
| {
| CFPreferencesCopyAppValue(NULL, NULL)
|   ;
|   return 0;
| }
configure:7823: result: no
configure:7832: checking for CFLocaleCopyCurrent
configure:7857: gcc -o conftest -g -O2  -I/System/Library/Frameworks/CoreFoundation.framework/Headers  conftest.c  -framework CoreFoundation >&5
gcc: CoreFoundation: No such file or directory
cc1: error: unrecognized option `-framework'
configure:7863: $? = 1
configure: failed program was:
| /* confdefs.h.  */
| 
| #define PACKAGE_NAME "c2vcg"
| #define PACKAGE_TARNAME "c2vcg"
| #define PACKAGE_VERSION "1.0b2"
| #define PACKAGE_STRING "c2vcg 1.0b2"
| #define PACKAGE_BUGREPORT "sh4r4d@gmail.com"
| #define PACKAGE "c2vcg"
| #define VERSION "1.0b2"
| #define YYTEXT_POINTER 1
| #define STDC_HEADERS 1
| #define HAVE_SYS_TYPES_H 1
| #define HAVE_SYS_STAT_H 1
| #define HAVE_STDLIB_H 1
| #define HAVE_STRING_H 1
| #define HAVE_MEMORY_H 1
| #define HAVE_STRINGS_H 1
| #define HAVE_INTTYPES_H 1
| #define HAVE_STDINT_H 1
| #define HAVE_UNISTD_H 1
| #define HAVE_LONG_LONG 1
| #define HAVE_LONG_DOUBLE 1
| #define HAVE_WCHAR_T 1
| #define HAVE_WINT_T 1
| #define HAVE_INTTYPES_H_WITH_UINTMAX 1
| #define HAVE_STDINT_H_WITH_UINTMAX 1
| #define HAVE_INTMAX_T 1
| #define HAVE_POSIX_PRINTF 1
| #define HAVE_ALLOCA_H 1
| #define HAVE_ALLOCA 1
| #define HAVE_STDLIB_H 1
| #define HAVE_UNISTD_H 1
| #define HAVE_GETPAGESIZE 1
| #define HAVE_MMAP 1
| #define INTDIV0_RAISES_SIGFPE 1
| #define HAVE_UNSIGNED_LONG_LONG 1
| #define HAVE_UINTMAX_T 1
| #define HAVE_INTTYPES_H 1
| #define HAVE_STDINT_H 1
| #define HAVE_STDINT_H 1
| /* end confdefs.h.  */
| #include <CFLocale.h>
| int
| main ()
| {
| CFLocaleCopyCurrent();
|   ;
|   return 0;
| }
configure:7889: result: no
configure:7944: checking for ld used by GCC
configure:8008: result: /usr/bin/ld
configure:8017: checking if the linker (/usr/bin/ld) is GNU ld
configure:8030: result: yes
configure:8037: checking for shared library run path origin
configure:8050: result: done
configure:8456: checking for ptrdiff_t
configure:8480: gcc -c -g -O2  conftest.c >&5
configure:8486: $? = 0
configure:8489: test -z 			 || test ! -s conftest.err
configure:8492: $? = 0
configure:8495: test -s conftest.o
configure:8498: $? = 0
configure:8509: result: yes
configure:8546: checking argz.h usability
configure:8558: gcc -c -g -O2  conftest.c >&5
configure:8564: $? = 0
configure:8567: test -z 			 || test ! -s conftest.err
configure:8570: $? = 0
configure:8573: test -s conftest.o
configure:8576: $? = 0
configure:8586: result: yes
configure:8590: checking argz.h presence
configure:8600: gcc -E  conftest.c
configure:8606: $? = 0
configure:8626: result: yes
configure:8661: checking for argz.h
configure:8668: result: yes
configure:8546: checking limits.h usability
configure:8558: gcc -c -g -O2  conftest.c >&5
configure:8564: $? = 0
configure:8567: test -z 			 || test ! -s conftest.err
configure:8570: $? = 0
configure:8573: test -s conftest.o
configure:8576: $? = 0
configure:8586: result: yes
configure:8590: checking limits.h presence
configure:8600: gcc -E  conftest.c
configure:8606: $? = 0
configure:8626: result: yes
configure:8661: checking for limits.h
configure:8668: result: yes
configure:8546: checking locale.h usability
configure:8558: gcc -c -g -O2  conftest.c >&5
configure:8564: $? = 0
configure:8567: test -z 			 || test ! -s conftest.err
configure:8570: $? = 0
configure:8573: test -s conftest.o
configure:8576: $? = 0
configure:8586: result: yes
configure:8590: checking locale.h presence
configure:8600: gcc -E  conftest.c
configure:8606: $? = 0
configure:8626: result: yes
configure:8661: checking for locale.h
configure:8668: result: yes
configure:8546: checking nl_types.h usability
configure:8558: gcc -c -g -O2  conftest.c >&5
configure:8564: $? = 0
configure:8567: test -z 			 || test ! -s conftest.err
configure:8570: $? = 0
configure:8573: test -s conftest.o
configure:8576: $? = 0
configure:8586: result: yes
configure:8590: checking nl_types.h presence
configure:8600: gcc -E  conftest.c
configure:8606: $? = 0
configure:8626: result: yes
configure:8661: checking for nl_types.h
configure:8668: result: yes
configure:8546: checking malloc.h usability
configure:8558: gcc -c -g -O2  conftest.c >&5
configure:8564: $? = 0
configure:8567: test -z 			 || test ! -s conftest.err
configure:8570: $? = 0
configure:8573: test -s conftest.o
configure:8576: $? = 0
configure:8586: result: yes
configure:8590: checking malloc.h presence
configure:8600: gcc -E  conftest.c
configure:8606: $? = 0
configure:8626: result: yes
configure:8661: checking for malloc.h
configure:8668: result: yes
configure:8546: checking stddef.h usability
configure:8558: gcc -c -g -O2  conftest.c >&5
configure:8564: $? = 0
configure:8567: test -z 			 || test ! -s conftest.err
configure:8570: $? = 0
configure:8573: test -s conftest.o
configure:8576: $? = 0
configure:8586: result: yes
configure:8590: checking stddef.h presence
configure:8600: gcc -E  conftest.c
configure:8606: $? = 0
configure:8626: result: yes
configure:8661: checking for stddef.h
configure:8668: result: yes
configure:8537: checking for stdlib.h
configure:8542: result: yes
configure:8537: checking for string.h
configure:8542: result: yes
configure:8537: checking for unistd.h
configure:8542: result: yes
configure:8546: checking sys/param.h usability
configure:8558: gcc -c -g -O2  conftest.c >&5
configure:8564: $? = 0
configure:8567: test -z 			 || test ! -s conftest.err
configure:8570: $? = 0
configure:8573: test -s conftest.o
configure:8576: $? = 0
configure:8586: result: yes
configure:8590: checking sys/param.h presence
configure:8600: gcc -E  conftest.c
configure:8606: $? = 0
configure:8626: result: yes
configure:8661: checking for sys/param.h
configure:8668: result: yes
configure:8710: checking for asprintf
configure:8767: gcc -o conftest -g -O2   conftest.c  >&5
configure:8773: $? = 0
configure:8776: test -z 			 || test ! -s conftest.err
configure:8779: $? = 0
configure:8782: test -s conftest
configure:8785: $? = 0
configure:8797: result: yes
configure:8710: checking for fwprintf
configure:8767: gcc -o conftest -g -O2   conftest.c  >&5
configure:8773: $? = 0
configure:8776: test -z 			 || test ! -s conftest.err
configure:8779: $? = 0
configure:8782: test -s conftest
configure:8785: $? = 0
configure:8797: result: yes
configure:8710: checking for getcwd
configure:8767: gcc -o conftest -g -O2   conftest.c  >&5
configure:8773: $? = 0
configure:8776: test -z 			 || test ! -s conftest.err
configure:8779: $? = 0
configure:8782: test -s conftest
configure:8785: $? = 0
configure:8797: result: yes
configure:8710: checking for getegid
configure:8767: gcc -o conftest -g -O2   conftest.c  >&5
configure:8773: $? = 0
configure:8776: test -z 			 || test ! -s conftest.err
configure:8779: $? = 0
configure:8782: test -s conftest
configure:8785: $? = 0
configure:8797: result: yes
configure:8710: checking for geteuid
configure:8767: gcc -o conftest -g -O2   conftest.c  >&5
configure:8773: $? = 0
configure:8776: test -z 			 || test ! -s conftest.err
configure:8779: $? = 0
configure:8782: test -s conftest
configure:8785: $? = 0
configure:8797: result: yes
configure:8710: checking for getgid
configure:8767: gcc -o conftest -g -O2   conftest.c  >&5
configure:8773: $? = 0
configure:8776: test -z 			 || test ! -s conftest.err
configure:8779: $? = 0
configure:8782: test -s conftest
configure:8785: $? = 0
configure:8797: result: yes
configure:8710: checking for getuid
configure:8767: gcc -o conftest -g -O2   conftest.c  >&5
configure:8773: $? = 0
configure:8776: test -z 			 || test ! -s conftest.err
configure:8779: $? = 0
configure:8782: test -s conftest
configure:8785: $? = 0
configure:8797: result: yes
configure:8710: checking for mempcpy
configure:8767: gcc -o conftest -g -O2   conftest.c  >&5
configure:8773: $? = 0
configure:8776: test -z 			 || test ! -s conftest.err
configure:8779: $? = 0
configure:8782: test -s conftest
configure:8785: $? = 0
configure:8797: result: yes
configure:8710: checking for munmap
configure:8767: gcc -o conftest -g -O2   conftest.c  >&5
configure:8773: $? = 0
configure:8776: test -z 			 || test ! -s conftest.err
configure:8779: $? = 0
configure:8782: test -s conftest
configure:8785: $? = 0
configure:8797: result: yes
configure:8710: checking for putenv
configure:8767: gcc -o conftest -g -O2   conftest.c  >&5
configure:8773: $? = 0
configure:8776: test -z 			 || test ! -s conftest.err
configure:8779: $? = 0
configure:8782: test -s conftest
configure:8785: $? = 0
configure:8797: result: yes
configure:8710: checking for setenv
configure:8767: gcc -o conftest -g -O2   conftest.c  >&5
configure:8773: $? = 0
configure:8776: test -z 			 || test ! -s conftest.err
configure:8779: $? = 0
configure:8782: test -s conftest
configure:8785: $? = 0
configure:8797: result: yes
configure:8710: checking for setlocale
configure:8767: gcc -o conftest -g -O2   conftest.c  >&5
configure:8773: $? = 0
configure:8776: test -z 			 || test ! -s conftest.err
configure:8779: $? = 0
configure:8782: test -s conftest
configure:8785: $? = 0
configure:8797: result: yes
configure:8710: checking for snprintf
configure:8767: gcc -o conftest -g -O2   conftest.c  >&5
conftest.c:88: warning: conflicting types for built-in function `snprintf'
configure:8773: $? = 0
configure:8776: test -z 			 || test ! -s conftest.err
configure:8779: $? = 0
configure:8782: test -s conftest
configure:8785: $? = 0
configure:8797: result: yes
configure:8710: checking for stpcpy
configure:8767: gcc -o conftest -g -O2   conftest.c  >&5
configure:8773: $? = 0
configure:8776: test -z 			 || test ! -s conftest.err
configure:8779: $? = 0
configure:8782: test -s conftest
configure:8785: $? = 0
configure:8797: result: yes
configure:8710: checking for strcasecmp
configure:8767: gcc -o conftest -g -O2   conftest.c  >&5
configure:8773: $? = 0
configure:8776: test -z 			 || test ! -s conftest.err
configure:8779: $? = 0
configure:8782: test -s conftest
configure:8785: $? = 0
configure:8797: result: yes
configure:8710: checking for strdup
configure:8767: gcc -o conftest -g -O2   conftest.c  >&5
configure:8773: $? = 0
configure:8776: test -z 			 || test ! -s conftest.err
configure:8779: $? = 0
configure:8782: test -s conftest
configure:8785: $? = 0
configure:8797: result: yes
configure:8710: checking for strtoul
configure:8767: gcc -o conftest -g -O2   conftest.c  >&5
configure:8773: $? = 0
configure:8776: test -z 			 || test ! -s conftest.err
configure:8779: $? = 0
configure:8782: test -s conftest
configure:8785: $? = 0
configure:8797: result: yes
configure:8710: checking for tsearch
configure:8767: gcc -o conftest -g -O2   conftest.c  >&5
configure:8773: $? = 0
configure:8776: test -z 			 || test ! -s conftest.err
configure:8779: $? = 0
configure:8782: test -s conftest
configure:8785: $? = 0
configure:8797: result: yes
configure:8710: checking for wcslen
configure:8767: gcc -o conftest -g -O2   conftest.c  >&5
configure:8773: $? = 0
configure:8776: test -z 			 || test ! -s conftest.err
configure:8779: $? = 0
configure:8782: test -s conftest
configure:8785: $? = 0
configure:8797: result: yes
configure:8710: checking for __argz_count
configure:8767: gcc -o conftest -g -O2   conftest.c  >&5
configure:8773: $? = 0
configure:8776: test -z 			 || test ! -s conftest.err
configure:8779: $? = 0
configure:8782: test -s conftest
configure:8785: $? = 0
configure:8797: result: yes
configure:8710: checking for __argz_stringify
configure:8767: gcc -o conftest -g -O2   conftest.c  >&5
configure:8773: $? = 0
configure:8776: test -z 			 || test ! -s conftest.err
configure:8779: $? = 0
configure:8782: test -s conftest
configure:8785: $? = 0
configure:8797: result: yes
configure:8710: checking for __argz_next
configure:8767: gcc -o conftest -g -O2   conftest.c  >&5
configure:8773: $? = 0
configure:8776: test -z 			 || test ! -s conftest.err
configure:8779: $? = 0
configure:8782: test -s conftest
configure:8785: $? = 0
configure:8797: result: yes
configure:8710: checking for __fsetlocking
configure:8767: gcc -o conftest -g -O2   conftest.c  >&5
configure:8773: $? = 0
configure:8776: test -z 			 || test ! -s conftest.err
configure:8779: $? = 0
configure:8782: test -s conftest
configure:8785: $? = 0
configure:8797: result: yes
configure:8809: checking whether _snprintf is declared
configure:8834: gcc -c -g -O2  conftest.c >&5
conftest.c: In function `main':
conftest.c:81: error: `_snprintf' undeclared (first use in this function)
conftest.c:81: error: (Each undeclared identifier is reported only once
conftest.c:81: error: for each function it appears in.)
configure:8840: $? = 1
configure: failed program was:
| /* confdefs.h.  */
| 
| #define PACKAGE_NAME "c2vcg"
| #define PACKAGE_TARNAME "c2vcg"
| #define PACKAGE_VERSION "1.0b2"
| #define PACKAGE_STRING "c2vcg 1.0b2"
| #define PACKAGE_BUGREPORT "sh4r4d@gmail.com"
| #define PACKAGE "c2vcg"
| #define VERSION "1.0b2"
| #define YYTEXT_POINTER 1
| #define STDC_HEADERS 1
| #define HAVE_SYS_TYPES_H 1
| #define HAVE_SYS_STAT_H 1
| #define HAVE_STDLIB_H 1
| #define HAVE_STRING_H 1
| #define HAVE_MEMORY_H 1
| #define HAVE_STRINGS_H 1
| #define HAVE_INTTYPES_H 1
| #define HAVE_STDINT_H 1
| #define HAVE_UNISTD_H 1
| #define HAVE_LONG_LONG 1
| #define HAVE_LONG_DOUBLE 1
| #define HAVE_WCHAR_T 1
| #define HAVE_WINT_T 1
| #define HAVE_INTTYPES_H_WITH_UINTMAX 1
| #define HAVE_STDINT_H_WITH_UINTMAX 1
| #define HAVE_INTMAX_T 1
| #define HAVE_POSIX_PRINTF 1
| #define HAVE_ALLOCA_H 1
| #define HAVE_ALLOCA 1
| #define HAVE_STDLIB_H 1
| #define HAVE_UNISTD_H 1
| #define HAVE_GETPAGESIZE 1
| #define HAVE_MMAP 1
| #define INTDIV0_RAISES_SIGFPE 1
| #define HAVE_UNSIGNED_LONG_LONG 1
| #define HAVE_UINTMAX_T 1
| #define HAVE_INTTYPES_H 1
| #define HAVE_STDINT_H 1
| #define HAVE_STDINT_H 1
| #define HAVE_ARGZ_H 1
| #define HAVE_LIMITS_H 1
| #define HAVE_LOCALE_H 1
| #define HAVE_NL_TYPES_H 1
| #define HAVE_MALLOC_H 1
| #define HAVE_STDDEF_H 1
| #define HAVE_STDLIB_H 1
| #define HAVE_STRING_H 1
| #define HAVE_UNISTD_H 1
| #define HAVE_SYS_PARAM_H 1
| #define HAVE_ASPRINTF 1
| #define HAVE_FWPRINTF 1
| #define HAVE_GETCWD 1
| #define HAVE_GETEGID 1
| #define HAVE_GETEUID 1
| #define HAVE_GETGID 1
| #define HAVE_GETUID 1
| #define HAVE_MEMPCPY 1
| #define HAVE_MUNMAP 1
| #define HAVE_PUTENV 1
| #define HAVE_SETENV 1
| #define HAVE_SETLOCALE 1
| #define HAVE_SNPRINTF 1
| #define HAVE_STPCPY 1
| #define HAVE_STRCASECMP 1
| #define HAVE_STRDUP 1
| #define HAVE_STRTOUL 1
| #define HAVE_TSEARCH 1
| #define HAVE_WCSLEN 1
| #define HAVE___ARGZ_COUNT 1
| #define HAVE___ARGZ_STRINGIFY 1
| #define HAVE___ARGZ_NEXT 1
| #define HAVE___FSETLOCKING 1
| /* end confdefs.h.  */
| #include <stdio.h>
| int
| main ()
| {
| 
| #ifndef _snprintf
|   char *p = (char *) _snprintf;
| #endif
| 
|   ;
|   return 0;
| }
configure:8863: result: no
configure:8877: checking whether _snwprintf is declared
configure:8902: gcc -c -g -O2  conftest.c >&5
conftest.c: In function `main':
conftest.c:82: error: `_snwprintf' undeclared (first use in this function)
conftest.c:82: error: (Each undeclared identifier is reported only once
conftest.c:82: error: for each function it appears in.)
configure:8908: $? = 1
configure: failed program was:
| /* confdefs.h.  */
| 
| #define PACKAGE_NAME "c2vcg"
| #define PACKAGE_TARNAME "c2vcg"
| #define PACKAGE_VERSION "1.0b2"
| #define PACKAGE_STRING "c2vcg 1.0b2"
| #define PACKAGE_BUGREPORT "sh4r4d@gmail.com"
| #define PACKAGE "c2vcg"
| #define VERSION "1.0b2"
| #define YYTEXT_POINTER 1
| #define STDC_HEADERS 1
| #define HAVE_SYS_TYPES_H 1
| #define HAVE_SYS_STAT_H 1
| #define HAVE_STDLIB_H 1
| #define HAVE_STRING_H 1
| #define HAVE_MEMORY_H 1
| #define HAVE_STRINGS_H 1
| #define HAVE_INTTYPES_H 1
| #define HAVE_STDINT_H 1
| #define HAVE_UNISTD_H 1
| #define HAVE_LONG_LONG 1
| #define HAVE_LONG_DOUBLE 1
| #define HAVE_WCHAR_T 1
| #define HAVE_WINT_T 1
| #define HAVE_INTTYPES_H_WITH_UINTMAX 1
| #define HAVE_STDINT_H_WITH_UINTMAX 1
| #define HAVE_INTMAX_T 1
| #define HAVE_POSIX_PRINTF 1
| #define HAVE_ALLOCA_H 1
| #define HAVE_ALLOCA 1
| #define HAVE_STDLIB_H 1
| #define HAVE_UNISTD_H 1
| #define HAVE_GETPAGESIZE 1
| #define HAVE_MMAP 1
| #define INTDIV0_RAISES_SIGFPE 1
| #define HAVE_UNSIGNED_LONG_LONG 1
| #define HAVE_UINTMAX_T 1
| #define HAVE_INTTYPES_H 1
| #define HAVE_STDINT_H 1
| #define HAVE_STDINT_H 1
| #define HAVE_ARGZ_H 1
| #define HAVE_LIMITS_H 1
| #define HAVE_LOCALE_H 1
| #define HAVE_NL_TYPES_H 1
| #define HAVE_MALLOC_H 1
| #define HAVE_STDDEF_H 1
| #define HAVE_STDLIB_H 1
| #define HAVE_STRING_H 1
| #define HAVE_UNISTD_H 1
| #define HAVE_SYS_PARAM_H 1
| #define HAVE_ASPRINTF 1
| #define HAVE_FWPRINTF 1
| #define HAVE_GETCWD 1
| #define HAVE_GETEGID 1
| #define HAVE_GETEUID 1
| #define HAVE_GETGID 1
| #define HAVE_GETUID 1
| #define HAVE_MEMPCPY 1
| #define HAVE_MUNMAP 1
| #define HAVE_PUTENV 1
| #define HAVE_SETENV 1
| #define HAVE_SETLOCALE 1
| #define HAVE_SNPRINTF 1
| #define HAVE_STPCPY 1
| #define HAVE_STRCASECMP 1
| #define HAVE_STRDUP 1
| #define HAVE_STRTOUL 1
| #define HAVE_TSEARCH 1
| #define HAVE_WCSLEN 1
| #define HAVE___ARGZ_COUNT 1
| #define HAVE___ARGZ_STRINGIFY 1
| #define HAVE___ARGZ_NEXT 1
| #define HAVE___FSETLOCKING 1
| #define HAVE_DECL__SNPRINTF 0
| /* end confdefs.h.  */
| #include <stdio.h>
| int
| main ()
| {
| 
| #ifndef _snwprintf
|   char *p = (char *) _snwprintf;
| #endif
| 
|   ;
|   return 0;
| }
configure:8931: result: no
configure:8946: checking whether feof_unlocked is declared
configure:8971: gcc -c -g -O2  conftest.c >&5
configure:8977: $? = 0
configure:8980: test -z 			 || test ! -s conftest.err
configure:8983: $? = 0
configure:8986: test -s conftest.o
configure:8989: $? = 0
configure:9000: result: yes
configure:9014: checking whether fgets_unlocked is declared
configure:9039: gcc -c -g -O2  conftest.c >&5
conftest.c: In function `main':
conftest.c:84: error: `fgets_unlocked' undeclared (first use in this function)
conftest.c:84: error: (Each undeclared identifier is reported only once
conftest.c:84: error: for each function it appears in.)
configure:9045: $? = 1
configure: failed program was:
| /* confdefs.h.  */
| 
| #define PACKAGE_NAME "c2vcg"
| #define PACKAGE_TARNAME "c2vcg"
| #define PACKAGE_VERSION "1.0b2"
| #define PACKAGE_STRING "c2vcg 1.0b2"
| #define PACKAGE_BUGREPORT "sh4r4d@gmail.com"
| #define PACKAGE "c2vcg"
| #define VERSION "1.0b2"
| #define YYTEXT_POINTER 1
| #define STDC_HEADERS 1
| #define HAVE_SYS_TYPES_H 1
| #define HAVE_SYS_STAT_H 1
| #define HAVE_STDLIB_H 1
| #define HAVE_STRING_H 1
| #define HAVE_MEMORY_H 1
| #define HAVE_STRINGS_H 1
| #define HAVE_INTTYPES_H 1
| #define HAVE_STDINT_H 1
| #define HAVE_UNISTD_H 1
| #define HAVE_LONG_LONG 1
| #define HAVE_LONG_DOUBLE 1
| #define HAVE_WCHAR_T 1
| #define HAVE_WINT_T 1
| #define HAVE_INTTYPES_H_WITH_UINTMAX 1
| #define HAVE_STDINT_H_WITH_UINTMAX 1
| #define HAVE_INTMAX_T 1
| #define HAVE_POSIX_PRINTF 1
| #define HAVE_ALLOCA_H 1
| #define HAVE_ALLOCA 1
| #define HAVE_STDLIB_H 1
| #define HAVE_UNISTD_H 1
| #define HAVE_GETPAGESIZE 1
| #define HAVE_MMAP 1
| #define INTDIV0_RAISES_SIGFPE 1
| #define HAVE_UNSIGNED_LONG_LONG 1
| #define HAVE_UINTMAX_T 1
| #define HAVE_INTTYPES_H 1
| #define HAVE_STDINT_H 1
| #define HAVE_STDINT_H 1
| #define HAVE_ARGZ_H 1
| #define HAVE_LIMITS_H 1
| #define HAVE_LOCALE_H 1
| #define HAVE_NL_TYPES_H 1
| #define HAVE_MALLOC_H 1
| #define HAVE_STDDEF_H 1
| #define HAVE_STDLIB_H 1
| #define HAVE_STRING_H 1
| #define HAVE_UNISTD_H 1
| #define HAVE_SYS_PARAM_H 1
| #define HAVE_ASPRINTF 1
| #define HAVE_FWPRINTF 1
| #define HAVE_GETCWD 1
| #define HAVE_GETEGID 1
| #define HAVE_GETEUID 1
| #define HAVE_GETGID 1
| #define HAVE_GETUID 1
| #define HAVE_MEMPCPY 1
| #define HAVE_MUNMAP 1
| #define HAVE_PUTENV 1
| #define HAVE_SETENV 1
| #define HAVE_SETLOCALE 1
| #define HAVE_SNPRINTF 1
| #define HAVE_STPCPY 1
| #define HAVE_STRCASECMP 1
| #define HAVE_STRDUP 1
| #define HAVE_STRTOUL 1
| #define HAVE_TSEARCH 1
| #define HAVE_WCSLEN 1
| #define HAVE___ARGZ_COUNT 1
| #define HAVE___ARGZ_STRINGIFY 1
| #define HAVE___ARGZ_NEXT 1
| #define HAVE___FSETLOCKING 1
| #define HAVE_DECL__SNPRINTF 0
| #define HAVE_DECL__SNWPRINTF 0
| #define HAVE_DECL_FEOF_UNLOCKED 1
| /* end confdefs.h.  */
| #include <stdio.h>
| int
| main ()
| {
| 
| #ifndef fgets_unlocked
|   char *p = (char *) fgets_unlocked;
| #endif
| 
|   ;
|   return 0;
| }
configure:9068: result: no
configure:9082: checking whether getc_unlocked is declared
configure:9107: gcc -c -g -O2  conftest.c >&5
configure:9113: $? = 0
configure:9116: test -z 			 || test ! -s conftest.err
configure:9119: $? = 0
configure:9122: test -s conftest.o
configure:9125: $? = 0
configure:9136: result: yes
configure:9204: checking for iconv
configure:9231: gcc -o conftest -g -O2   conftest.c  >&5
configure:9237: $? = 0
configure:9240: test -z 			 || test ! -s conftest.err
configure:9243: $? = 0
configure:9246: test -s conftest
configure:9249: $? = 0
configure:9314: result: yes
configure:9337: checking for iconv declaration
configure:9371: gcc -c -g -O2  conftest.c >&5
configure:9377: $? = 0
configure:9380: test -z 			 || test ! -s conftest.err
configure:9383: $? = 0
configure:9386: test -s conftest.o
configure:9389: $? = 0
configure:9404: result: 
         extern size_t iconv (iconv_t cd, char * *inbuf, size_t *inbytesleft, char * *outbuf, size_t *outbytesleft);
configure:9415: checking for nl_langinfo and CODESET
configure:9436: gcc -o conftest -g -O2   conftest.c  >&5
configure:9442: $? = 0
configure:9445: test -z 			 || test ! -s conftest.err
configure:9448: $? = 0
configure:9451: test -s conftest
configure:9454: $? = 0
configure:9467: result: yes
configure:9479: checking for LC_MESSAGES
configure:9500: gcc -o conftest -g -O2   conftest.c  >&5
configure:9506: $? = 0
configure:9509: test -z 			 || test ! -s conftest.err
configure:9512: $? = 0
configure:9515: test -s conftest
configure:9518: $? = 0
configure:9530: result: yes
configure:9550: checking for bison
configure:9566: found /usr/bin/bison
configure:9576: result: bison
configure:9589: checking version of bison
configure:9598: result: 1.875, ok
configure:9620: checking for CFPreferencesCopyAppValue
configure:9677: result: no
configure:9686: checking for CFLocaleCopyCurrent
configure:9743: result: no
configure:9760: checking whether NLS is requested
configure:9769: result: yes
configure:9785: checking whether included gettext is requested
configure:9795: result: no
configure:9806: checking for GNU gettext in libc
configure:9830: gcc -o conftest -g -O2   conftest.c  >&5
configure:9836: $? = 0
configure:9839: test -z 			 || test ! -s conftest.err
configure:9842: $? = 0
configure:9845: test -s conftest
configure:9848: $? = 0
configure:9860: result: yes
configure:10420: checking whether to use NLS
configure:10422: result: yes
configure:10425: checking where the gettext function comes from
configure:10436: result: libc
configure:10529: checking for sys/wait.h that is POSIX.1 compatible
configure:10560: gcc -c -g -O2  conftest.c >&5
configure:10566: $? = 0
configure:10569: test -z 			 || test ! -s conftest.err
configure:10572: $? = 0
configure:10575: test -s conftest.o
configure:10578: $? = 0
configure:10589: result: yes
configure:10618: checking errno.h usability
configure:10630: gcc -c -g -O2  conftest.c >&5
configure:10636: $? = 0
configure:10639: test -z 			 || test ! -s conftest.err
configure:10642: $? = 0
configure:10645: test -s conftest.o
configure:10648: $? = 0
configure:10658: result: yes
configure:10662: checking errno.h presence
configure:10672: gcc -E  conftest.c
configure:10678: $? = 0
configure:10698: result: yes
configure:10733: checking for errno.h
configure:10740: result: yes
configure:10609: checking for stddef.h
configure:10614: result: yes
configure:10609: checking for stdlib.h
configure:10614: result: yes
configure:10609: checking for string.h
configure:10614: result: yes
configure:10609: checking for strings.h
configure:10614: result: yes
configure:10609: checking for unistd.h
configure:10614: result: yes
configure:10755: checking for an ANSI C-conforming const
configure:10851: result: yes
configure:10861: checking for size_t
configure:10914: result: yes
configure:10926: checking whether sys_siglist is declared
configure:10950: gcc -c -g -O2  conftest.c >&5
conftest.c: In function `main':
conftest.c:132: error: `sys_siglist' undeclared (first use in this function)
conftest.c:132: error: (Each undeclared identifier is reported only once
conftest.c:132: error: for each function it appears in.)
configure:10956: $? = 1
configure: failed program was:
| /* confdefs.h.  */
| 
| #define PACKAGE_NAME "c2vcg"
| #define PACKAGE_TARNAME "c2vcg"
| #define PACKAGE_VERSION "1.0b2"
| #define PACKAGE_STRING "c2vcg 1.0b2"
| #define PACKAGE_BUGREPORT "sh4r4d@gmail.com"
| #define PACKAGE "c2vcg"
| #define VERSION "1.0b2"
| #define YYTEXT_POINTER 1
| #define STDC_HEADERS 1
| #define HAVE_SYS_TYPES_H 1
| #define HAVE_SYS_STAT_H 1
| #define HAVE_STDLIB_H 1
| #define HAVE_STRING_H 1
| #define HAVE_MEMORY_H 1
| #define HAVE_STRINGS_H 1
| #define HAVE_INTTYPES_H 1
| #define HAVE_STDINT_H 1
| #define HAVE_UNISTD_H 1
| #define HAVE_LONG_LONG 1
| #define HAVE_LONG_DOUBLE 1
| #define HAVE_WCHAR_T 1
| #define HAVE_WINT_T 1
| #define HAVE_INTTYPES_H_WITH_UINTMAX 1
| #define HAVE_STDINT_H_WITH_UINTMAX 1
| #define HAVE_INTMAX_T 1
| #define HAVE_POSIX_PRINTF 1
| #define HAVE_ALLOCA_H 1
| #define HAVE_ALLOCA 1
| #define HAVE_STDLIB_H 1
| #define HAVE_UNISTD_H 1
| #define HAVE_GETPAGESIZE 1
| #define HAVE_MMAP 1
| #define INTDIV0_RAISES_SIGFPE 1
| #define HAVE_UNSIGNED_LONG_LONG 1
| #define HAVE_UINTMAX_T 1
| #define HAVE_INTTYPES_H 1
| #define HAVE_STDINT_H 1
| #define HAVE_STDINT_H 1
| #define HAVE_ARGZ_H 1
| #define HAVE_LIMITS_H 1
| #define HAVE_LOCALE_H 1
| #define HAVE_NL_TYPES_H 1
| #define HAVE_MALLOC_H 1
| #define HAVE_STDDEF_H 1
| #define HAVE_STDLIB_H 1
| #define HAVE_STRING_H 1
| #define HAVE_UNISTD_H 1
| #define HAVE_SYS_PARAM_H 1
| #define HAVE_ASPRINTF 1
| #define HAVE_FWPRINTF 1
| #define HAVE_GETCWD 1
| #define HAVE_GETEGID 1
| #define HAVE_GETEUID 1
| #define HAVE_GETGID 1
| #define HAVE_GETUID 1
| #define HAVE_MEMPCPY 1
| #define HAVE_MUNMAP 1
| #define HAVE_PUTENV 1
| #define HAVE_SETENV 1
| #define HAVE_SETLOCALE 1
| #define HAVE_SNPRINTF 1
| #define HAVE_STPCPY 1
| #define HAVE_STRCASECMP 1
| #define HAVE_STRDUP 1
| #define HAVE_STRTOUL 1
| #define HAVE_TSEARCH 1
| #define HAVE_WCSLEN 1
| #define HAVE___ARGZ_COUNT 1
| #define HAVE___ARGZ_STRINGIFY 1
| #define HAVE___ARGZ_NEXT 1
| #define HAVE___FSETLOCKING 1
| #define HAVE_DECL__SNPRINTF 0
| #define HAVE_DECL__SNWPRINTF 0
| #define HAVE_DECL_FEOF_UNLOCKED 1
| #define HAVE_DECL_FGETS_UNLOCKED 0
| #define HAVE_DECL_GETC_UNLOCKED 1
| #define HAVE_ICONV 1
| #define ICONV_CONST 
| #define HAVE_LANGINFO_CODESET 1
| #define HAVE_LC_MESSAGES 1
| #define ENABLE_NLS 1
| #define HAVE_GETTEXT 1
| #define HAVE_DCGETTEXT 1
| #define HAVE_SYS_WAIT_H 1
| #define HAVE_ERRNO_H 1
| #define HAVE_STDDEF_H 1
| #define HAVE_STDLIB_H 1
| #define HAVE_STRING_H 1
| #define HAVE_STRINGS_H 1
| #define HAVE_UNISTD_H 1
| /* end confdefs.h.  */
| #include <stdio.h>
| #if HAVE_SYS_TYPES_H
| # include <sys/types.h>
| #endif
| #if HAVE_SYS_STAT_H
| # include <sys/stat.h>
| #endif
| #if STDC_HEADERS
| # include <stdlib.h>
| # include <stddef.h>
| #else
| # if HAVE_STDLIB_H
| #  include <stdlib.h>
| # endif
| #endif
| #if HAVE_STRING_H
| # if !STDC_HEADERS && HAVE_MEMORY_H
| #  include <memory.h>
| # endif
| # include <string.h>
| #endif
| #if HAVE_STRINGS_H
| # include <strings.h>
| #endif
| #if HAVE_INTTYPES_H
| # include <inttypes.h>
| #else
| # if HAVE_STDINT_H
| #  include <stdint.h>
| # endif
| #endif
| #if HAVE_UNISTD_H
| # include <unistd.h>
| #endif
| int
| main ()
| {
| #ifndef sys_siglist
|   char *p = (char *) sys_siglist;
| #endif
| 
|   ;
|   return 0;
| }
configure:10979: result: no
configure:11001: checking whether sys/types.h defines makedev
configure:11022: gcc -o conftest -g -O2   conftest.c  >&5
configure:11028: $? = 0
configure:11031: test -z 			 || test ! -s conftest.err
configure:11034: $? = 0
configure:11037: test -s conftest
configure:11040: $? = 0
configure:11053: result: yes
configure:11352: checking whether struct tm is in sys/time.h or time.h
configure:11375: gcc -c -g -O2  conftest.c >&5
configure:11381: $? = 0
configure:11384: test -z 			 || test ! -s conftest.err
configure:11387: $? = 0
configure:11390: test -s conftest.o
configure:11393: $? = 0
configure:11404: result: time.h
configure:11416: checking for working alloca.h
configure:11467: result: yes
configure:11477: checking for alloca
configure:11548: result: yes
configure:11771: checking return type of signal handlers
configure:11802: gcc -c -g -O2  conftest.c >&5
configure:11808: $? = 0
configure:11811: test -z 			 || test ! -s conftest.err
configure:11814: $? = 0
configure:11817: test -s conftest.o
configure:11820: $? = 0
configure:11831: result: void
configure:11844: checking for vprintf
configure:11901: gcc -o conftest -g -O2   conftest.c  >&5
conftest.c:122: warning: conflicting types for built-in function `vprintf'
configure:11907: $? = 0
configure:11910: test -z 			 || test ! -s conftest.err
configure:11913: $? = 0
configure:11916: test -s conftest
configure:11919: $? = 0
configure:11931: result: yes
configure:11938: checking for _doprnt
configure:11995: gcc -o conftest -g -O2   conftest.c  >&5
/tmp/cc6egNhO.o(.text+0x11): In function `main':
/home/s/codeplace/c2vcg/conftest.c:139: undefined reference to `_doprnt'
/tmp/cc6egNhO.o(.data+0x0):/home/s/codeplace/c2vcg/conftest.c:138: undefined reference to `_doprnt'
collect2: ld returned 1 exit status
configure:12001: $? = 1
configure: failed program was:
| /* confdefs.h.  */
| 
| #define PACKAGE_NAME "c2vcg"
| #define PACKAGE_TARNAME "c2vcg"
| #define PACKAGE_VERSION "1.0b2"
| #define PACKAGE_STRING "c2vcg 1.0b2"
| #define PACKAGE_BUGREPORT "sh4r4d@gmail.com"
| #define PACKAGE "c2vcg"
| #define VERSION "1.0b2"
| #define YYTEXT_POINTER 1
| #define STDC_HEADERS 1
| #define HAVE_SYS_TYPES_H 1
| #define HAVE_SYS_STAT_H 1
| #define HAVE_STDLIB_H 1
| #define HAVE_STRING_H 1
| #define HAVE_MEMORY_H 1
| #define HAVE_STRINGS_H 1
| #define HAVE_INTTYPES_H 1
| #define HAVE_STDINT_H 1
| #define HAVE_UNISTD_H 1
| #define HAVE_LONG_LONG 1
| #define HAVE_LONG_DOUBLE 1
| #define HAVE_WCHAR_T 1
| #define HAVE_WINT_T 1
| #define HAVE_INTTYPES_H_WITH_UINTMAX 1
| #define HAVE_STDINT_H_WITH_UINTMAX 1
| #define HAVE_INTMAX_T 1
| #define HAVE_POSIX_PRINTF 1
| #define HAVE_ALLOCA_H 1
| #define HAVE_ALLOCA 1
| #define HAVE_STDLIB_H 1
| #define HAVE_UNISTD_H 1
| #define HAVE_GETPAGESIZE 1
| #define HAVE_MMAP 1
| #define INTDIV0_RAISES_SIGFPE 1
| #define HAVE_UNSIGNED_LONG_LONG 1
| #define HAVE_UINTMAX_T 1
| #define HAVE_INTTYPES_H 1
| #define HAVE_STDINT_H 1
| #define HAVE_STDINT_H 1
| #define HAVE_ARGZ_H 1
| #define HAVE_LIMITS_H 1
| #define HAVE_LOCALE_H 1
| #define HAVE_NL_TYPES_H 1
| #define HAVE_MALLOC_H 1
| #define HAVE_STDDEF_H 1
| #define HAVE_STDLIB_H 1
| #define HAVE_STRING_H 1
| #define HAVE_UNISTD_H 1
| #define HAVE_SYS_PARAM_H 1
| #define HAVE_ASPRINTF 1
| #define HAVE_FWPRINTF 1
| #define HAVE_GETCWD 1
| #define HAVE_GETEGID 1
| #define HAVE_GETEUID 1
| #define HAVE_GETGID 1
| #define HAVE_GETUID 1
| #define HAVE_MEMPCPY 1
| #define HAVE_MUNMAP 1
| #define HAVE_PUTENV 1
| #define HAVE_SETENV 1
| #define HAVE_SETLOCALE 1
| #define HAVE_SNPRINTF 1
| #define HAVE_STPCPY 1
| #define HAVE_STRCASECMP 1
| #define HAVE_STRDUP 1
| #define HAVE_STRTOUL 1
| #define HAVE_TSEARCH 1
| #define HAVE_WCSLEN 1
| #define HAVE___ARGZ_COUNT 1
| #define HAVE___ARGZ_STRINGIFY 1
| #define HAVE___ARGZ_NEXT 1
| #define HAVE___FSETLOCKING 1
| #define HAVE_DECL__SNPRINTF 0
| #define HAVE_DECL__SNWPRINTF 0
| #define HAVE_DECL_FEOF_UNLOCKED 1
| #define HAVE_DECL_FGETS_UNLOCKED 0
| #define HAVE_DECL_GETC_UNLOCKED 1
| #define HAVE_ICONV 1
| #define ICONV_CONST 
| #define HAVE_LANGINFO_CODESET 1
| #define HAVE_LC_MESSAGES 1
| #define ENABLE_NLS 1
| #define HAVE_GETTEXT 1
| #define HAVE_DCGETTEXT 1
| #define HAVE_SYS_WAIT_H 1
| #define HAVE_ERRNO_H 1
| #define HAVE_STDDEF_H 1
| #define HAVE_STDLIB_H 1
| #define HAVE_STRING_H 1
| #define HAVE_STRINGS_H 1
| #define HAVE_UNISTD_H 1
| #define HAVE_DECL_SYS_SIGLIST 0
| #define HAVE_ALLOCA_H 1
| #define HAVE_ALLOCA 1
| #define RETSIGTYPE void
| #define HAVE_VPRINTF 1
| /* end confdefs.h.  */
| /* Define _doprnt to an innocuous variant, in case <limits.h> declares _doprnt.
|    For example, HP-UX 11i <limits.h> declares gettimeofday.  */
| #define _doprnt innocuous__doprnt
| 
| /* System header to define __stub macros and hopefully few prototypes,
|     which can conflict with char _doprnt (); below.
|     Prefer <limits.h> to <assert.h> if __STDC__ is defined, since
|     <limits.h> exists even on freestanding compilers.  */
| 
| #ifdef __STDC__
| # include <limits.h>
| #else
| # include <assert.h>
| #endif
| 
| #undef _doprnt
| 
| /* Override any gcc2 internal prototype to avoid an error.  */
| #ifdef __cplusplus
| extern "C"
| {
| #endif
| /* We use char because int might match the return type of a gcc2
|    builtin and then its argument prototype would still apply.  */
| char _doprnt ();
| /* The GNU C library defines this for functions which it implements
|     to always fail with ENOSYS.  Some functions are actually named
|     something starting with __ and the normal name is an alias.  */
| #if defined (__stub__doprnt) || defined (__stub____doprnt)
| choke me
| #else
| char (*f) () = _doprnt;
| #endif
| #ifdef __cplusplus
| }
| #endif
| 
| int
| main ()
| {
| return f != _doprnt;
|   ;
|   return 0;
| }
configure:12025: result: no
configure:12044: checking for atexit
configure:12101: gcc -o conftest -g -O2   conftest.c  >&5
configure:12107: $? = 0
configure:12110: test -z 			 || test ! -s conftest.err
configure:12113: $? = 0
configure:12116: test -s conftest
configure:12119: $? = 0
configure:12131: result: yes
configure:12044: checking for strdup
configure:12131: result: yes
configure:12151: checking argp.h usability
configure:12163: gcc -c -g -O2  conftest.c >&5
configure:12169: $? = 0
configure:12172: test -z 			 || test ! -s conftest.err
configure:12175: $? = 0
configure:12178: test -s conftest.o
configure:12181: $? = 0
configure:12191: result: yes
configure:12195: checking argp.h presence
configure:12205: gcc -E  conftest.c
configure:12211: $? = 0
configure:12231: result: yes
configure:12266: checking for argp.h
configure:12273: result: yes
configure:12288: checking for an ANSI C-conforming const
configure:12384: result: yes
configure:12394: checking for pid_t
configure:12418: gcc -c -g -O2  conftest.c >&5
configure:12424: $? = 0
configure:12427: test -z 			 || test ! -s conftest.err
configure:12430: $? = 0
configure:12433: test -s conftest.o
configure:12436: $? = 0
configure:12447: result: yes
configure:12459: checking for size_t
configure:12512: result: yes
configure:12524: checking for working volatile
configure:12547: gcc -c -g -O2  conftest.c >&5
configure:12553: $? = 0
configure:12556: test -z 			 || test ! -s conftest.err
configure:12559: $? = 0
configure:12562: test -s conftest.o
configure:12565: $? = 0
configure:12576: result: yes
configure:12686: checking for sys_errlist
configure:12707: gcc -o conftest -g -O2   conftest.c  >&5
/tmp/ccoytpW2.o(.text+0x2): In function `main':
/home/s/codeplace/c2vcg/conftest.c:105: warning: `sys_errlist' is deprecated; use `strerror' or `strerror_r' instead
configure:12713: $? = 0
configure:12716: test -z 			 || test ! -s conftest.err
configure:12719: $? = 0
configure:12722: test -s conftest
configure:12725: $? = 0
configure:12737: result: yes
configure:12746: checking for sys_siglist
configure:12767: gcc -o conftest -g -O2   conftest.c  >&5
configure:12773: $? = 0
configure:12776: test -z 			 || test ! -s conftest.err
configure:12779: $? = 0
configure:12782: test -s conftest
configure:12785: $? = 0
configure:12797: result: yes
configure:12812: checking for bzero
configure:12869: gcc -o conftest -g -O2   conftest.c  >&5
conftest.c:127: warning: conflicting types for built-in function `bzero'
configure:12875: $? = 0
configure:12878: test -z 			 || test ! -s conftest.err
configure:12881: $? = 0
configure:12884: test -s conftest
configure:12887: $? = 0
configure:12899: result: yes
configure:12915: checking for calloc
configure:12972: gcc -o conftest -g -O2   conftest.c  >&5
configure:12978: $? = 0
configure:12981: test -z 			 || test ! -s conftest.err
configure:12984: $? = 0
configure:12987: test -s conftest
configure:12990: $? = 0
configure:13002: result: yes
configure:12915: checking for strchr
configure:12972: gcc -o conftest -g -O2   conftest.c  >&5
conftest.c:129: warning: conflicting types for built-in function `strchr'
configure:12978: $? = 0
configure:12981: test -z 			 || test ! -s conftest.err
configure:12984: $? = 0
configure:12987: test -s conftest
configure:12990: $? = 0
configure:13002: result: yes
configure:12915: checking for strrchr
configure:12972: gcc -o conftest -g -O2   conftest.c  >&5
conftest.c:130: warning: conflicting types for built-in function `strrchr'
configure:12978: $? = 0
configure:12981: test -z 			 || test ! -s conftest.err
configure:12984: $? = 0
configure:12987: test -s conftest
configure:12990: $? = 0
configure:13002: result: yes
configure:13021: checking for basename
configure:13078: gcc -o conftest -g -O2   conftest.c  >&5
configure:13084: $? = 0
configure:13087: test -z 			 || test ! -s conftest.err
configure:13090: $? = 0
configure:13093: test -s conftest
configure:13096: $? = 0
configure:13108: result: yes
configure:13021: checking for strspn
configure:13078: gcc -o conftest -g -O2   conftest.c  >&5
conftest.c:132: warning: conflicting types for built-in function `strspn'
configure:13084: $? = 0
configure:13087: test -z 			 || test ! -s conftest.err
configure:13090: $? = 0
configure:13093: test -s conftest
configure:13096: $? = 0
configure:13108: result: yes
configure:13021: checking for strcspn
configure:13078: gcc -o conftest -g -O2   conftest.c  >&5
conftest.c:133: warning: conflicting types for built-in function `strcspn'
configure:13084: $? = 0
configure:13087: test -z 			 || test ! -s conftest.err
configure:13090: $? = 0
configure:13093: test -s conftest
configure:13096: $? = 0
configure:13108: result: yes
configure:13021: checking for strerror
configure:13078: gcc -o conftest -g -O2   conftest.c  >&5
configure:13084: $? = 0
configure:13087: test -z 			 || test ! -s conftest.err
configure:13090: $? = 0
configure:13093: test -s conftest
configure:13096: $? = 0
configure:13108: result: yes
configure:13021: checking for strsignal
configure:13078: gcc -o conftest -g -O2   conftest.c  >&5
configure:13084: $? = 0
configure:13087: test -z 			 || test ! -s conftest.err
configure:13090: $? = 0
configure:13093: test -s conftest
configure:13096: $? = 0
configure:13108: result: yes
configure:13021: checking for waitpid
configure:13078: gcc -o conftest -g -O2   conftest.c  >&5
configure:13084: $? = 0
configure:13087: test -z 			 || test ! -s conftest.err
configure:13090: $? = 0
configure:13093: test -s conftest
configure:13096: $? = 0
configure:13108: result: yes
configure:13135: checking for readline
configure:13192: gcc -o conftest -g -O2   conftest.c  >&5
/tmp/ccMxI1pb.o(.text+0x11): In function `main':
/home/s/codeplace/c2vcg/conftest.c:153: undefined reference to `readline'
/tmp/ccMxI1pb.o(.data+0x0):/home/s/codeplace/c2vcg/conftest.c:152: undefined reference to `readline'
collect2: ld returned 1 exit status
configure:13198: $? = 1
configure: failed program was:
| /* confdefs.h.  */
| 
| #define PACKAGE_NAME "c2vcg"
| #define PACKAGE_TARNAME "c2vcg"
| #define PACKAGE_VERSION "1.0b2"
| #define PACKAGE_STRING "c2vcg 1.0b2"
| #define PACKAGE_BUGREPORT "sh4r4d@gmail.com"
| #define PACKAGE "c2vcg"
| #define VERSION "1.0b2"
| #define YYTEXT_POINTER 1
| #define STDC_HEADERS 1
| #define HAVE_SYS_TYPES_H 1
| #define HAVE_SYS_STAT_H 1
| #define HAVE_STDLIB_H 1
| #define HAVE_STRING_H 1
| #define HAVE_MEMORY_H 1
| #define HAVE_STRINGS_H 1
| #define HAVE_INTTYPES_H 1
| #define HAVE_STDINT_H 1
| #define HAVE_UNISTD_H 1
| #define HAVE_LONG_LONG 1
| #define HAVE_LONG_DOUBLE 1
| #define HAVE_WCHAR_T 1
| #define HAVE_WINT_T 1
| #define HAVE_INTTYPES_H_WITH_UINTMAX 1
| #define HAVE_STDINT_H_WITH_UINTMAX 1
| #define HAVE_INTMAX_T 1
| #define HAVE_POSIX_PRINTF 1
| #define HAVE_ALLOCA_H 1
| #define HAVE_ALLOCA 1
| #define HAVE_STDLIB_H 1
| #define HAVE_UNISTD_H 1
| #define HAVE_GETPAGESIZE 1
| #define HAVE_MMAP 1
| #define INTDIV0_RAISES_SIGFPE 1
| #define HAVE_UNSIGNED_LONG_LONG 1
| #define HAVE_UINTMAX_T 1
| #define HAVE_INTTYPES_H 1
| #define HAVE_STDINT_H 1
| #define HAVE_STDINT_H 1
| #define HAVE_ARGZ_H 1
| #define HAVE_LIMITS_H 1
| #define HAVE_LOCALE_H 1
| #define HAVE_NL_TYPES_H 1
| #define HAVE_MALLOC_H 1
| #define HAVE_STDDEF_H 1
| #define HAVE_STDLIB_H 1
| #define HAVE_STRING_H 1
| #define HAVE_UNISTD_H 1
| #define HAVE_SYS_PARAM_H 1
| #define HAVE_ASPRINTF 1
| #define HAVE_FWPRINTF 1
| #define HAVE_GETCWD 1
| #define HAVE_GETEGID 1
| #define HAVE_GETEUID 1
| #define HAVE_GETGID 1
| #define HAVE_GETUID 1
| #define HAVE_MEMPCPY 1
| #define HAVE_MUNMAP 1
| #define HAVE_PUTENV 1
| #define HAVE_SETENV 1
| #define HAVE_SETLOCALE 1
| #define HAVE_SNPRINTF 1
| #define HAVE_STPCPY 1
| #define HAVE_STRCASECMP 1
| #define HAVE_STRDUP 1
| #define HAVE_STRTOUL 1
| #define HAVE_TSEARCH 1
| #define HAVE_WCSLEN 1
| #define HAVE___ARGZ_COUNT 1
| #define HAVE___ARGZ_STRINGIFY 1
| #define HAVE___ARGZ_NEXT 1
| #define HAVE___FSETLOCKING 1
| #define HAVE_DECL__SNPRINTF 0
| #define HAVE_DECL__SNWPRINTF 0
| #define HAVE_DECL_FEOF_UNLOCKED 1
| #define HAVE_DECL_FGETS_UNLOCKED 0
| #define HAVE_DECL_GETC_UNLOCKED 1
| #define HAVE_ICONV 1
| #define ICONV_CONST 
| #define HAVE_LANGINFO_CODESET 1
| #define HAVE_LC_MESSAGES 1
| #define ENABLE_NLS 1
| #define HAVE_GETTEXT 1
| #define HAVE_DCGETTEXT 1
| #define HAVE_SYS_WAIT_H 1
| #define HAVE_ERRNO_H 1
| #define HAVE_STDDEF_H 1
| #define HAVE_STDLIB_H 1
| #define HAVE_STRING_H 1
| #define HAVE_STRINGS_H 1
| #define HAVE_UNISTD_H 1
| #define HAVE_DECL_SYS_SIGLIST 0
| #define HAVE_ALLOCA_H 1
| #define HAVE_ALLOCA 1
| #define RETSIGTYPE void
| #define HAVE_VPRINTF 1
| #define HAVE_ATEXIT 1
| #define HAVE_STRDUP 1
| #define HAVE_SYS_ERRLIST 1
| #define HAVE_SYS_SIGLIST 1
| #define HAVE_BZERO 1
| #define HAVE_CALLOC 1
| #define HAVE_STRCHR 1
| #define HAVE_STRRCHR 1
| #define HAVE_BASENAME 1
| #define HAVE_STRSPN 1
| #define HAVE_STRCSPN 1
| #define HAVE_STRERROR 1
| #define HAVE_STRSIGNAL 1
| #define HAVE_WAITPID 1
| /* end confdefs.h.  */
| /* Define readline to an innocuous variant, in case <limits.h> declares readline.
|    For example, HP-UX 11i <limits.h> declares gettimeofday.  */
| #define readline innocuous_readline
| 
| /* System header to define __stub macros and hopefully few prototypes,
|     which can conflict with char readline (); below.
|     Prefer <limits.h> to <assert.h> if __STDC__ is defined, since
|     <limits.h> exists even on freestanding compilers.  */
| 
| #ifdef __STDC__
| # include <limits.h>
| #else
| # include <assert.h>
| #endif
| 
| #undef readline
| 
| /* Override any gcc2 internal prototype to avoid an error.  */
| #ifdef __cplusplus
| extern "C"
| {
| #endif
| /* We use char because int might match the return type of a gcc2
|    builtin and then its argument prototype would still apply.  */
| char readline ();
| /* The GNU C library defines this for functions which it implements
|     to always fail with ENOSYS.  Some functions are actually named
|     something starting with __ and the normal name is an alias.  */
| #if defined (__stub_readline) || defined (__stub___readline)
| choke me
| #else
| char (*f) () = readline;
| #endif
| #ifdef __cplusplus
| }
| #endif
| 
| int
| main ()
| {
| return f != readline;
|   ;
|   return 0;
| }
configure:13222: result: no
configure:13246: checking for add_history
configure:13303: gcc -o conftest -g -O2   conftest.c  >&5
/tmp/cc7jmcZk.o(.text+0x11): In function `main':
/home/s/codeplace/c2vcg/conftest.c:153: undefined reference to `add_history'
/tmp/cc7jmcZk.o(.data+0x0):/home/s/codeplace/c2vcg/conftest.c:152: undefined reference to `add_history'
collect2: ld returned 1 exit status
configure:13309: $? = 1
configure: failed program was:
| /* confdefs.h.  */
| 
| #define PACKAGE_NAME "c2vcg"
| #define PACKAGE_TARNAME "c2vcg"
| #define PACKAGE_VERSION "1.0b2"
| #define PACKAGE_STRING "c2vcg 1.0b2"
| #define PACKAGE_BUGREPORT "sh4r4d@gmail.com"
| #define PACKAGE "c2vcg"
| #define VERSION "1.0b2"
| #define YYTEXT_POINTER 1
| #define STDC_HEADERS 1
| #define HAVE_SYS_TYPES_H 1
| #define HAVE_SYS_STAT_H 1
| #define HAVE_STDLIB_H 1
| #define HAVE_STRING_H 1
| #define HAVE_MEMORY_H 1
| #define HAVE_STRINGS_H 1
| #define HAVE_INTTYPES_H 1
| #define HAVE_STDINT_H 1
| #define HAVE_UNISTD_H 1
| #define HAVE_LONG_LONG 1
| #define HAVE_LONG_DOUBLE 1
| #define HAVE_WCHAR_T 1
| #define HAVE_WINT_T 1
| #define HAVE_INTTYPES_H_WITH_UINTMAX 1
| #define HAVE_STDINT_H_WITH_UINTMAX 1
| #define HAVE_INTMAX_T 1
| #define HAVE_POSIX_PRINTF 1
| #define HAVE_ALLOCA_H 1
| #define HAVE_ALLOCA 1
| #define HAVE_STDLIB_H 1
| #define HAVE_UNISTD_H 1
| #define HAVE_GETPAGESIZE 1
| #define HAVE_MMAP 1
| #define INTDIV0_RAISES_SIGFPE 1
| #define HAVE_UNSIGNED_LONG_LONG 1
| #define HAVE_UINTMAX_T 1
| #define HAVE_INTTYPES_H 1
| #define HAVE_STDINT_H 1
| #define HAVE_STDINT_H 1
| #define HAVE_ARGZ_H 1
| #define HAVE_LIMITS_H 1
| #define HAVE_LOCALE_H 1
| #define HAVE_NL_TYPES_H 1
| #define HAVE_MALLOC_H 1
| #define HAVE_STDDEF_H 1
| #define HAVE_STDLIB_H 1
| #define HAVE_STRING_H 1
| #define HAVE_UNISTD_H 1
| #define HAVE_SYS_PARAM_H 1
| #define HAVE_ASPRINTF 1
| #define HAVE_FWPRINTF 1
| #define HAVE_GETCWD 1
| #define HAVE_GETEGID 1
| #define HAVE_GETEUID 1
| #define HAVE_GETGID 1
| #define HAVE_GETUID 1
| #define HAVE_MEMPCPY 1
| #define HAVE_MUNMAP 1
| #define HAVE_PUTENV 1
| #define HAVE_SETENV 1
| #define HAVE_SETLOCALE 1
| #define HAVE_SNPRINTF 1
| #define HAVE_STPCPY 1
| #define HAVE_STRCASECMP 1
| #define HAVE_STRDUP 1
| #define HAVE_STRTOUL 1
| #define HAVE_TSEARCH 1
| #define HAVE_WCSLEN 1
| #define HAVE___ARGZ_COUNT 1
| #define HAVE___ARGZ_STRINGIFY 1
| #define HAVE___ARGZ_NEXT 1
| #define HAVE___FSETLOCKING 1
| #define HAVE_DECL__SNPRINTF 0
| #define HAVE_DECL__SNWPRINTF 0
| #define HAVE_DECL_FEOF_UNLOCKED 1
| #define HAVE_DECL_FGETS_UNLOCKED 0
| #define HAVE_DECL_GETC_UNLOCKED 1
| #define HAVE_ICONV 1
| #define ICONV_CONST 
| #define HAVE_LANGINFO_CODESET 1
| #define HAVE_LC_MESSAGES 1
| #define ENABLE_NLS 1
| #define HAVE_GETTEXT 1
| #define HAVE_DCGETTEXT 1
| #define HAVE_SYS_WAIT_H 1
| #define HAVE_ERRNO_H 1
| #define HAVE_STDDEF_H 1
| #define HAVE_STDLIB_H 1
| #define HAVE_STRING_H 1
| #define HAVE_STRINGS_H 1
| #define HAVE_UNISTD_H 1
| #define HAVE_DECL_SYS_SIGLIST 0
| #define HAVE_ALLOCA_H 1
| #define HAVE_ALLOCA 1
| #define RETSIGTYPE void
| #define HAVE_VPRINTF 1
| #define HAVE_ATEXIT 1
| #define HAVE_STRDUP 1
| #define HAVE_SYS_ERRLIST 1
| #define HAVE_SYS_SIGLIST 1
| #define HAVE_BZERO 1
| #define HAVE_CALLOC 1
| #define HAVE_STRCHR 1
| #define HAVE_STRRCHR 1
| #define HAVE_BASENAME 1
| #define HAVE_STRSPN 1
| #define HAVE_STRCSPN 1
| #define HAVE_STRERROR 1
| #define HAVE_STRSIGNAL 1
| #define HAVE_WAITPID 1
| /* end confdefs.h.  */
| /* Define add_history to an innocuous variant, in case <limits.h> declares add_history.
|    For example, HP-UX 11i <limits.h> declares gettimeofday.  */
| #define add_history innocuous_add_history
| 
| /* System header to define __stub macros and hopefully few prototypes,
|     which can conflict with char add_history (); below.
|     Prefer <limits.h> to <assert.h> if __STDC__ is defined, since
|     <limits.h> exists even on freestanding compilers.  */
| 
| #ifdef __STDC__
| # include <limits.h>
| #else
| # include <assert.h>
| #endif
| 
| #undef add_history
| 
| /* Override any gcc2 internal prototype to avoid an error.  */
| #ifdef __cplusplus
| extern "C"
| {
| #endif
| /* We use char because int might match the return type of a gcc2
|    builtin and then its argument prototype would still apply.  */
| char add_history ();
| /* The GNU C library defines this for functions which it implements
|     to always fail with ENOSYS.  Some functions are actually named
|     something starting with __ and the normal name is an alias.  */
| #if defined (__stub_add_history) || defined (__stub___add_history)
| choke me
| #else
| char (*f) () = add_history;
| #endif
| #ifdef __cplusplus
| }
| #endif
| 
| int
| main ()
| {
| return f != add_history;
|   ;
|   return 0;
| }
configure:13333: result: no
configure:13465: creating ./config.status

## ---------------- ##
## Cache variables. ##
## ---------------- ##

ac_cv_build=i686-pc-linux-gnu
ac_cv_build_alias=i686-pc-linux-gnu
ac_cv_c_compiler_gnu=yes
ac_cv_c_const=yes
ac_cv_c_inline=inline
ac_cv_c_volatile=yes
ac_cv_env_CC_set=
ac_cv_env_CC_value=
ac_cv_env_CFLAGS_set=
ac_cv_env_CFLAGS_value=
ac_cv_env_CPPFLAGS_set=
ac_cv_env_CPPFLAGS_value=
ac_cv_env_CPP_set=
ac_cv_env_CPP_value=
ac_cv_env_LDFLAGS_set=
ac_cv_env_LDFLAGS_value=
ac_cv_env_build_alias_set=
ac_cv_env_build_alias_value=
ac_cv_env_host_alias_set=
ac_cv_env_host_alias_value=
ac_cv_env_target_alias_set=
ac_cv_env_target_alias_value=
ac_cv_exeext=
ac_cv_func___argz_count=yes
ac_cv_func___argz_next=yes
ac_cv_func___argz_stringify=yes
ac_cv_func___fsetlocking=yes
ac_cv_func__doprnt=no
ac_cv_func_add_history=no
ac_cv_func_alloca_works=yes
ac_cv_func_asprintf=yes
ac_cv_func_atexit=yes
ac_cv_func_basename=yes
ac_cv_func_bzero=yes
ac_cv_func_calloc=yes
ac_cv_func_fwprintf=yes
ac_cv_func_getcwd=yes
ac_cv_func_getegid=yes
ac_cv_func_geteuid=yes
ac_cv_func_getgid=yes
ac_cv_func_getpagesize=yes
ac_cv_func_getuid=yes
ac_cv_func_mempcpy=yes
ac_cv_func_mmap_fixed_mapped=yes
ac_cv_func_munmap=yes
ac_cv_func_putenv=yes
ac_cv_func_readline=no
ac_cv_func_setenv=yes
ac_cv_func_setlocale=yes
ac_cv_func_snprintf=yes
ac_cv_func_stpcpy=yes
ac_cv_func_strcasecmp=yes
ac_cv_func_strchr=yes
ac_cv_func_strcspn=yes
ac_cv_func_strdup=yes
ac_cv_func_strerror=yes
ac_cv_func_strrchr=yes
ac_cv_func_strsignal=yes
ac_cv_func_strspn=yes
ac_cv_func_strtoul=yes
ac_cv_func_tsearch=yes
ac_cv_func_vprintf=yes
ac_cv_func_waitpid=yes
ac_cv_func_wcslen=yes
ac_cv_gnu_library_2=yes
ac_cv_gnu_library_2_1=yes
ac_cv_have_decl__snprintf=no
ac_cv_have_decl__snwprintf=no
ac_cv_have_decl_feof_unlocked=yes
ac_cv_have_decl_fgets_unlocked=no
ac_cv_have_decl_getc_unlocked=yes
ac_cv_have_decl_sys_siglist=no
ac_cv_header_argp_h=yes
ac_cv_header_argz_h=yes
ac_cv_header_errno_h=yes
ac_cv_header_inttypes_h=yes
ac_cv_header_limits_h=yes
ac_cv_header_locale_h=yes
ac_cv_header_malloc_h=yes
ac_cv_header_memory_h=yes
ac_cv_header_nl_types_h=yes
ac_cv_header_stdc=yes
ac_cv_header_stddef_h=yes
ac_cv_header_stdint_h=yes
ac_cv_header_stdlib_h=yes
ac_cv_header_string_h=yes
ac_cv_header_strings_h=yes
ac_cv_header_sys_param_h=yes
ac_cv_header_sys_stat_h=yes
ac_cv_header_sys_types_h=yes
ac_cv_header_sys_types_h_makedev=yes
ac_cv_header_sys_wait_h=yes
ac_cv_header_unistd_h=yes
ac_cv_host=i686-pc-linux-gnu
ac_cv_host_alias=i686-pc-linux-gnu
ac_cv_lib_fl_yywrap=yes
ac_cv_objext=o
ac_cv_path_GMSGFMT=/usr/bin/msgfmt
ac_cv_path_MSGFMT=/usr/bin/msgfmt
ac_cv_path_MSGMERGE=/usr/bin/msgmerge
ac_cv_path_XGETTEXT=/usr/bin/xgettext
ac_cv_path_install='/usr/bin/install -c'
ac_cv_prog_AWK=gawk
ac_cv_prog_CPP='gcc -E'
ac_cv_prog_INTLBISON=bison
ac_cv_prog_LEX=flex
ac_cv_prog_YACC='bison -y'
ac_cv_prog_ac_ct_CC=gcc
ac_cv_prog_ac_ct_RANLIB=ranlib
ac_cv_prog_cc_g=yes
ac_cv_prog_cc_stdc=
ac_cv_prog_egrep='grep -E'
ac_cv_prog_lex_root=lex.yy
ac_cv_prog_lex_yytext_pointer=yes
ac_cv_prog_make_make_set=yes
ac_cv_search_strerror='none required'
ac_cv_struct_tm=time.h
ac_cv_type_long_long=yes
ac_cv_type_off_t=yes
ac_cv_type_pid_t=yes
ac_cv_type_ptrdiff_t=yes
ac_cv_type_signal=void
ac_cv_type_size_t=yes
ac_cv_type_unsigned_long_long=yes
ac_cv_working_alloca_h=yes
acl_cv_path_LD=/usr/bin/ld
acl_cv_prog_gnu_ld=yes
acl_cv_rpath=done
am_cv_CC_dependencies_compiler_type=gcc3
am_cv_func_iconv=yes
am_cv_langinfo_codeset=yes
am_cv_lib_iconv=no
am_cv_proto_iconv='extern size_t iconv (iconv_t cd, char * *inbuf, size_t *inbytesleft, char * *outbuf, size_t *outbytesleft);'
am_cv_proto_iconv_arg1=
bh_cv_c_signed=yes
c2vcg_cv_var_sys_errlist=yes
c2vcg_cv_var_sys_siglist=yes
gl_cv_header_inttypes_h=yes
gl_cv_header_stdint_h=yes
gt_cv_c_intmax_t=yes
gt_cv_c_long_double=yes
gt_cv_c_wchar_t=yes
gt_cv_c_wint_t=yes
gt_cv_func_CFLocaleCopyCurrent=no
gt_cv_func_CFPreferencesCopyAppValue=no
gt_cv_func_gnugettext1_libc=yes
gt_cv_func_printf_posix=yes
gt_cv_header_inttypes_h=yes
gt_cv_int_divbyzero_sigfpe=yes
gt_cv_inttypes_pri_broken=no
gt_cv_val_LC_MESSAGES=yes
nls_cv_force_use_gnu_gettext=no
nls_cv_header_intl=
nls_cv_header_libgt=
nls_cv_use_gnu_gettext=no

## ----------------- ##
## Output variables. ##
## ----------------- ##

ACLOCAL='${SHELL} /home/s/codeplace/c2vcg/config/missing --run aclocal-1.9'
ALLOCA=''
AMDEPBACKSLASH='\'
AMDEP_FALSE='#'
AMDEP_TRUE=''
AMTAR='${SHELL} /home/s/codeplace/c2vcg/config/missing --run tar'
AUTOCONF='${SHELL} /home/s/codeplace/c2vcg/config/missing --run autoconf'
AUTOHEADER='${SHELL} /home/s/codeplace/c2vcg/config/missing --run autoheader'
AUTOMAKE='${SHELL} /home/s/codeplace/c2vcg/config/missing --run automake-1.9'
AWK='gawk'
BUILD_INCLUDED_LIBINTL='no'
CATOBJEXT='.gmo'
CC='gcc'
CCDEPMODE='depmode=gcc3'
CFLAGS='-g -O2'
CPP='gcc -E'
CPPFLAGS=''
CYGPATH_W='echo'
DATADIRNAME='share'
DEFS='-DHAVE_CONFIG_H'
DEPDIR='.deps'
ECHO_C=''
ECHO_N='-n'
ECHO_T=''
EGREP='grep -E'
EXEEXT=''
GENCAT='gencat'
GLIBC21='yes'
GLIBC2='yes'
GMSGFMT='/usr/bin/msgfmt'
HAVE_ASPRINTF='1'
HAVE_POSIX_PRINTF='1'
HAVE_SNPRINTF='1'
HAVE_WPRINTF='0'
INSTALL_DATA='${INSTALL} -m 644'
INSTALL_PROGRAM='${INSTALL}'
INSTALL_SCRIPT='${INSTALL}'
INSTALL_STRIP_PROGRAM='${SHELL} $(install_sh) -c -s'
INSTOBJEXT='.mo'
INTLBISON='bison'
INTLLIBS=''
INTLOBJS=''
INTL_LIBTOOL_SUFFIX_PREFIX=''
INTL_MACOSX_LIBS=''
ISODATE='2006-11-27'
LDFLAGS=''
LEX='flex'
LEXLIB='-lfl'
LEX_OUTPUT_ROOT='lex.yy'
LIBICONV=''
LIBINTL=''
LIBOBJS=' readline$U.o'
LIBS=''
LTLIBICONV=''
LTLIBINTL=''
LTLIBOBJS=' readline$U.lo'
MAKEINFO='${SHELL} /home/s/codeplace/c2vcg/config/missing --run makeinfo'
MKINSTALLDIRS='$(top_builddir)/config/mkinstalldirs'
MSGFMT='/usr/bin/msgfmt'
MSGMERGE='/usr/bin/msgmerge'
OBJEXT='o'
PACKAGE='c2vcg'
PACKAGE_BUGREPORT='sh4r4d@gmail.com'
PACKAGE_NAME='c2vcg'
PACKAGE_STRING='c2vcg 1.0b2'
PACKAGE_TARNAME='c2vcg'
PACKAGE_VERSION='1.0b2'
PATH_SEPARATOR=':'
POSUB='po'
RANLIB='ranlib'
SET_MAKE=''
SHELL='/bin/sh'
STRIP=''
USE_INCLUDED_LIBINTL='no'
USE_NLS='yes'
VERSION='1.0b2'
WITH_READLINE_FALSE=''
WITH_READLINE_TRUE='#'
XGETTEXT='/usr/bin/xgettext'
YACC='bison -y'
ac_ct_CC='gcc'
ac_ct_RANLIB='ranlib'
ac_ct_STRIP=''
am__fastdepCC_FALSE='#'
am__fastdepCC_TRUE=''
am__include='include'
am__leading_dot='.'
am__quote=''
am__tar='${AMTAR} chof - "$$tardir"'
am__untar='${AMTAR} xf -'
bindir='${exec_prefix}/bin'
build='i686-pc-linux-gnu'
build_alias=''
build_cpu='i686'
build_os='linux-gnu'
build_vendor='pc'
datadir='${prefix}/share'
exec_prefix='${prefix}'
host='i686-pc-linux-gnu'
host_alias=''
host_cpu='i686'
host_os='linux-gnu'
host_vendor='pc'
includedir='${prefix}/include'
infodir='${prefix}/info'
install_sh='/home/s/codeplace/c2vcg/config/install-sh'
libdir='${exec_prefix}/lib'
libexecdir='${exec_prefix}/libexec'
localstatedir='${prefix}/var'
mandir='${prefix}/man'
mkdir_p='mkdir -p --'
oldincludedir='/usr/include'
prefix='/usr/local'
program_transform_name='s,x,x,'
sbindir='${exec_prefix}/sbin'
sharedstatedir='${prefix}/com'
sysconfdir='${prefix}/etc'
target_alias=''

## ----------- ##
## confdefs.h. ##
## ----------- ##

#define ENABLE_NLS 1
#define HAVE_ALLOCA 1
#define HAVE_ALLOCA 1
#define HAVE_ALLOCA_H 1
#define HAVE_ALLOCA_H 1
#define HAVE_ARGZ_H 1
#define HAVE_ASPRINTF 1
#define HAVE_ATEXIT 1
#define HAVE_BASENAME 1
#define HAVE_BZERO 1
#define HAVE_CALLOC 1
#define HAVE_DCGETTEXT 1
#define HAVE_DECL_FEOF_UNLOCKED 1
#define HAVE_DECL_FGETS_UNLOCKED 0
#define HAVE_DECL_GETC_UNLOCKED 1
#define HAVE_DECL_SYS_SIGLIST 0
#define HAVE_DECL__SNPRINTF 0
#define HAVE_DECL__SNWPRINTF 0
#define HAVE_ERRNO_H 1
#define HAVE_FWPRINTF 1
#define HAVE_GETCWD 1
#define HAVE_GETEGID 1
#define HAVE_GETEUID 1
#define HAVE_GETGID 1
#define HAVE_GETPAGESIZE 1
#define HAVE_GETTEXT 1
#define HAVE_GETUID 1
#define HAVE_ICONV 1
#define HAVE_INTMAX_T 1
#define HAVE_INTTYPES_H 1
#define HAVE_INTTYPES_H 1
#define HAVE_INTTYPES_H_WITH_UINTMAX 1
#define HAVE_LANGINFO_CODESET 1
#define HAVE_LC_MESSAGES 1
#define HAVE_LIMITS_H 1
#define HAVE_LOCALE_H 1
#define HAVE_LONG_DOUBLE 1
#define HAVE_LONG_LONG 1
#define HAVE_MALLOC_H 1
#define HAVE_MEMORY_H 1
#define HAVE_MEMPCPY 1
#define HAVE_MMAP 1
#define HAVE_MUNMAP 1
#define HAVE_NL_TYPES_H 1
#define HAVE_POSIX_PRINTF 1
#define HAVE_PUTENV 1
#define HAVE_SETENV 1
#define HAVE_SETLOCALE 1
#define HAVE_SNPRINTF 1
#define HAVE_STDDEF_H 1
#define HAVE_STDDEF_H 1
#define HAVE_STDINT_H 1
#define HAVE_STDINT_H 1
#define HAVE_STDINT_H 1
#define HAVE_STDINT_H_WITH_UINTMAX 1
#define HAVE_STDLIB_H 1
#define HAVE_STDLIB_H 1
#define HAVE_STDLIB_H 1
#define HAVE_STDLIB_H 1
#define HAVE_STPCPY 1
#define HAVE_STRCASECMP 1
#define HAVE_STRCHR 1
#define HAVE_STRCSPN 1
#define HAVE_STRDUP 1
#define HAVE_STRDUP 1
#define HAVE_STRERROR 1
#define HAVE_STRINGS_H 1
#define HAVE_STRINGS_H 1
#define HAVE_STRING_H 1
#define HAVE_STRING_H 1
#define HAVE_STRING_H 1
#define HAVE_STRRCHR 1
#define HAVE_STRSIGNAL 1
#define HAVE_STRSPN 1
#define HAVE_STRTOUL 1
#define HAVE_SYS_ERRLIST 1
#define HAVE_SYS_PARAM_H 1
#define HAVE_SYS_SIGLIST 1
#define HAVE_SYS_STAT_H 1
#define HAVE_SYS_TYPES_H 1
#define HAVE_SYS_WAIT_H 1
#define HAVE_TSEARCH 1
#define HAVE_UINTMAX_T 1
#define HAVE_UNISTD_H 1
#define HAVE_UNISTD_H 1
#define HAVE_UNISTD_H 1
#define HAVE_UNISTD_H 1
#define HAVE_UNSIGNED_LONG_LONG 1
#define HAVE_VPRINTF 1
#define HAVE_WAITPID 1
#define HAVE_WCHAR_T 1
#define HAVE_WCSLEN 1
#define HAVE_WINT_T 1
#define HAVE___ARGZ_COUNT 1
#define HAVE___ARGZ_NEXT 1
#define HAVE___ARGZ_STRINGIFY 1
#define HAVE___FSETLOCKING 1
#define ICONV_CONST 
#define INTDIV0_RAISES_SIGFPE 1
#define PACKAGE "c2vcg"
#define PACKAGE_BUGREPORT "sh4r4d@gmail.com"
#define PACKAGE_NAME "c2vcg"
#define PACKAGE_STRING "c2vcg 1.0b2"
#define PACKAGE_TARNAME "c2vcg"
#define PACKAGE_VERSION "1.0b2"
#define RETSIGTYPE void
#define STDC_HEADERS 1
#define VERSION "1.0b2"
#define YYTEXT_POINTER 1

configure: exit 0

## ---------------------- ##
## Running config.status. ##
## ---------------------- ##

This file was extended by c2vcg config.status 1.0b2, which was
generated by GNU Autoconf 2.59.  Invocation command line was

  CONFIG_FILES    = 
  CONFIG_HEADERS  = 
  CONFIG_LINKS    = 
  CONFIG_COMMANDS = 
  $ ./config.status 

on large

config.status:790: creating Makefile
config.status:790: creating replace/Makefile
config.status:790: creating c2vcgadt/Makefile
config.status:790: creating src/Makefile
config.status:790: creating doc/Makefile
config.status:790: creating share/Makefile
config.status:790: creating share/c-pgms/Makefile
config.status:790: creating c2vcg.lsm
config.status:790: creating c2vcg.spec
config.status:877: creating config.h
config.status:1381: executing depfiles commands
config.status:1381: executing default-1 commands
